x:\c++_class\vs\cyper\cyphertool\x64\debug\vc143.pdb
x:\c++_class\vs\cyper\cyphertool\x64\debug\vc143.idb
x:\c++_class\vs\cyper\cyphertool\x64\debug\cyphertool.obj
x:\c++_class\vs\cyper\cyphertool\x64\debug\cypher.obj
x:\c++_class\vs\cyper\x64\debug\cyphertool.exe
x:\c++_class\vs\cyper\x64\debug\cyphertool.pdb
x:\c++_class\vs\cyper\cyphertool\x64\debug\cyphertool.res
x:\c++_class\vs\cyper\cyphertool\x64\debug\cyphertool.ilk
x:\c++_class\vs\cyper\cyphertool\x64\debug\cypher.obj.enc
x:\c++_class\vs\cyper\cyphertool\x64\debug\cyphertool.tlog\cl.command.1.tlog
x:\c++_class\vs\cyper\cyphertool\x64\debug\cyphertool.tlog\cl.items.tlog
x:\c++_class\vs\cyper\cyphertool\x64\debug\cyphertool.tlog\cl.read.1.tlog
x:\c++_class\vs\cyper\cyphertool\x64\debug\cyphertool.tlog\cl.write.1.tlog
x:\c++_class\vs\cyper\cyphertool\x64\debug\cyphertool.tlog\link.command.1.tlog
x:\c++_class\vs\cyper\cyphertool\x64\debug\cyphertool.tlog\link.read.1.tlog
x:\c++_class\vs\cyper\cyphertool\x64\debug\cyphertool.tlog\link.secondary.1.tlog
x:\c++_class\vs\cyper\cyphertool\x64\debug\cyphertool.tlog\link.write.1.tlog
x:\c++_class\vs\cyper\cyphertool\x64\debug\cyphertool.tlog\rc.command.1.tlog
x:\c++_class\vs\cyper\cyphertool\x64\debug\cyphertool.tlog\rc.read.1.tlog
x:\c++_class\vs\cyper\cyphertool\x64\debug\cyphertool.tlog\rc.write.1.tlog
